1570217636856	mozrunner::runner	INFO	Running command: "C:\\Program Files\\Mozilla Firefox\\firefox.exe" "-marionette" "-foreground" "-no-remote" "-profile" "C:\\Users\\ThisPC\\AppData\\Local\\Temp\\rust_mozprofilefnT6hJ"
1570217637951	addons.webextension.screenshots@mozilla.org	WARN	Loading extension 'screenshots@mozilla.org': Reading manifest: Invalid extension permission: mozillaAddons
1570217637951	addons.webextension.screenshots@mozilla.org	WARN	Loading extension 'screenshots@mozilla.org': Reading manifest: Invalid extension permission: telemetry
1570217637951	addons.webextension.screenshots@mozilla.org	WARN	Loading extension 'screenshots@mozilla.org': Reading manifest: Invalid extension permission: resource://pdf.js/
1570217637952	addons.webextension.screenshots@mozilla.org	WARN	Loading extension 'screenshots@mozilla.org': Reading manifest: Invalid extension permission: about:reader*
JavaScript error: resource://gre/modules/XULStore.jsm, line 66: Error: Can't find profile directory.
WARN: compileToBinary(259): 
C:\fakepath(337,18-133): warning X3571: pow(f, e) will not work for negative f, use abs(f) or conditionally handle negative values if you expect them
C:\fakepath(343,62-116): warning X3571: pow(f, e) will not work for negative f, use abs(f) or conditionally handle negative values if you expect them
C:\fakepath(366,75-84): warning X3556: integer divides may be much slower, try using uints if possible.
C:\fakepath(369,50-59): warning X3556: integer modulus may be much slower, try using uints if possible.
C:\fakepath(385,33-90): warning X3571: pow(f, e) will not work for negative f, use abs(f) or conditionally handle negative values if you expect them
C:\fakepath(174,1-6): warning X4000: use of potentially uninitialized variable (dyn_index_vec4_float4)
C:\fakepath(289,25-29): error X4576: Input array signature parameter  cannot be indexed dynamically.

WARN: compileToBinary(259): 
C:\fakepath(337,18-133): warning X3571: pow(f, e) will not work for negative f, use abs(f) or conditionally handle negative values if you expect them
C:\fakepath(343,62-116): warning X3571: pow(f, e) will not work for negative f, use abs(f) or conditionally handle negative values if you expect them
C:\fakepath(366,75-84): warning X3556: integer divides may be much slower, try using uints if possible.
C:\fakepath(369,50-59): warning X3556: integer modulus may be much slower, try using uints if possible.
C:\fakepath(385,33-90): warning X3571: pow(f, e) will not work for negative f, use abs(f) or conditionally handle negative values if you expect them
C:\fakepath(174,1-6): warning X4000: use of potentially uninitialized variable (dyn_index_vec4_float4)
C:\fakepath(289,25-29): error X4576: Input array signature parameter  cannot be indexed dynamically.

WARN: compileToBinary(259): 
C:\fakepath(366,75-84): warning X3556: integer divides may be much slower, try using uints if possible.
C:\fakepath(369,50-59): warning X3556: integer modulus may be much slower, try using uints if possible.
C:\fakepath(174,1-6): warning X4000: use of potentially uninitialized variable (dyn_index_vec4_float4)
C:\fakepath(225,1): warning X4000: use of potentially uninitialized variable (f_distance_aa)
C:\fakepath(262,1): warning X4000: use of potentially uninitialized variable (f_do_clip)

[Child 12504, Chrome_ChildThread] WARNING: pipe error: 109: file z:/task_1569974145/build/src/ipc/chromium/src/chrome/common/ipc_channel_win.cc, line 341
[Child 12504, Ch1570217642849	Marionette	INFO	Listening on port 50187
1570217643206	Marionette	WARN	TLS certificate errors will be ignored for this session
[Parent 7676, Gecko_IOThread] WARNING: pipe error: 109: file z:/task_1569974145/build/src/ipc/chromium/src/chrome/common/ipc_channel_win.cc, line 341
[Child 11852, Chrome_ChildThread] WARNING: pipe error: 109: file z:/task_15699[Child 13288, Chrome_ChildThread] WARNING: pipe error: 109: file z:/task_1569974145/build/src/ipc/chromium/src/chrome/common/ipc_channel_win.cc, line 341
[Child 13288,74145/build/src/ipc/chromium/src/chrome/common/ipc_channel_win.cc, line 341
[Child 1185[Parent 7676, Gecko_IOThread] WARNING: pipe error: 109: file z:/task_1569974145/build/src/ipc/chromium/src/chrome/common/ipc_channel_win.cc, line 341
[Child 7140, Chrome_ChildThread] WARNING: pipe error: 109: file z:/task_1569974145/build/src/ipc/chromium/src/chrome/common/ipc_channel_win.cc, line 341
[Child 7140, Chr1570217669521	Marionette	INFO	Stopped listening on port 50187
[GPU 124
###!!! [Child][RunMessage] Error: Channel closing: too late to send/recv, messages will be lost

64
###!!! [Child][MessageChannel::SendAndWait] Error: Channel error: cannot send/recv

1570217903521	mozrunner::runner	INFO	Running command: "C:\\Program Files\\Mozilla Firefox\\firefox.exe" "-marionette" "-foreground" "-no-remote" "-profile" "C:\\Users\\ThisPC\\AppData\\Local\\Temp\\rust_mozprofileRv2GaW"
1570217904309	addons.webextension.screenshots@mozilla.org	WARN	Loading extension 'screenshots@mozilla.org': Reading manifest: Invalid extension permission: mozillaAddons
1570217904309	addons.webextension.screenshots@mozilla.org	WARN	Loading extension 'screenshots@mozilla.org': Reading manifest: Invalid extension permission: telemetry
1570217904309	addons.webextension.screenshots@mozilla.org	WARN	Loading extension 'screenshots@mozilla.org': Reading manifest: Invalid extension permission: resource://pdf.js/
1570217904309	addons.webextension.screenshots@mozilla.org	WARN	Loading extension 'screenshots@mozilla.org': Reading manifest: Invalid extension permission: about:reader*
JavaScript error: resource://gre/modules/XULStore.jsm, line 66: Error: Can't find profile directory.
WARN: compileToBinary(259): 
C:\fakepath(337,18-133): warning X3571: pow(f, e) will not work for negative f, use abs(f) or conditionally handle negative values if you expect them
C:\fakepath(343,62-116): warning X3571: pow(f, e) will not work for negative f, use abs(f) or conditionally handle negative values if you expect them
C:\fakepath(366,75-84): warning X3556: integer divides may be much slower, try using uints if possible.
C:\fakepath(369,50-59): warning X3556: integer modulus may be much slower, try using uints if possible.
C:\fakepath(385,33-90): warning X3571: pow(f, e) will not work for negative f, use abs(f) or conditionally handle negative values if you expect them
C:\fakepath(174,1-6): warning X4000: use of potentially uninitialized variable (dyn_index_vec4_float4)
C:\fakepath(289,25-29): error X4576: Input array signature parameter  cannot be indexed dynamically.

WARN: compileToBinary(259): 
C:\fakepath(337,18-133): warning X3571: pow(f, e) will not work for negative f, use abs(f) or conditionally handle negative values if you expect them
C:\fakepath(343,62-116): warning X3571: pow(f, e) will not work for negative f, use abs(f) or conditionally handle negative values if you expect them
C:\fakepath(366,75-84): warning X3556: integer divides may be much slower, try using uints if possible.
C:\fakepath(369,50-59): warning X3556: integer modulus may be much slower, try using uints if possible.
C:\fakepath(385,33-90): warning X3571: pow(f, e) will not work for negative f, use abs(f) or conditionally handle negative values if you expect them
C:\fakepath(174,1-6): warning X4000: use of potentially uninitialized variable (dyn_index_vec4_float4)
C:\fakepath(289,25-29): error X4576: Input array signature parameter  cannot be indexed dynamically.

WARN: compileToBinary(259): 
C:\fakepath(366,75-84): warning X3556: integer divides may be much slower, try using uints if possible.
C:\fakepath(369,50-59): warning X3556: integer modulus may be much slower, try using uints if possible.
C:\fakepath(174,1-6): warning X4000: use of potentially uninitialized variable (dyn_index_vec4_float4)
C:\fakepath(225,1): warning X4000: use of potentially uninitialized variable (f_distance_aa)
C:\fakepath(262,1): warning X4000: use of potentially uninitialized variable (f_do_clip)

[Child 11692, Chrome_ChildThread] WARNING: pipe error: 109: file z:/task_1569974145/build/src/ipc/chromium/src/chrome/common/ipc_channel_win.cc, line 341
[Child 11692, Chrome_ChildThread] WARNING: pipe error: 109: file z:/task_1569974145/build/src/ipc/chromium/src/chrome/common/ipc_channel_win.cc, line 341
1570217908068	Marionette	INFO	Listening on port 50327
1570217908294	Marionette	WARN	TLS certificate errors will be ignored for this session
[Parent 12348, Gecko_IOThread] WARNING: pipe error: 109: file z:/task_1569974145/build/src/ipc/chromium/src/chrome/common/ipc_channel_win.cc, line 341
[Child 4432, Chrome_ChildThread] WARNING: pipe error: 109: file z:/task_1569974145/build/src/ipc/chromium/src/chrome/common/ipc_channel_win.cc, line 341
[Child 4432, [Parent 12348, Gecko_IOThread] WARNING: pipe error: 109: file z:/task_1569974145/build/src/ipc/chromium/src/chrome/common/ipc_channel_win.cc, line 341
[Child 13384, Chrome_ChildThread] WARNING: pipe error: 109: file z:/task_1569974145/build/src/ipc/chromium/src/chrome/common/ipc_channel_win.cc, line 341
[Child 13384, 1570217956961	Marionette	INFO	Stopped listening on port 50327

###!!! [Child][RunMessage] Error: Channel closing: too late to send/recv, messages will be lost

[GPU 13128, Chro
###!!! [Child][MessageChannel::SendAndWait] Error: Channel error: cannot send/recv

vaScript error: resource://gre/modules/XULStore.jsm, line 66: Error: Can't find profile directory.
WARN: compileToBinary(259): 
C:\fakepath(337,18-133): warning X3571: pow(f, e) will not work for negative f, use abs(f) or conditionally handle negative values if you expect them
C:\fakepath(343,62-116): warning X3571: pow(f, e) will not work for negative f, use abs(f) or conditionally handle negative values if you expect them
C:\fakepath(366,75-84): warning X3556: integer divides may be much slower, try using uints if possible.
C:\fakepath(369,50-59): warning X3556: integer modulus may be much slower, try using uints if possible.
C:\fakepath(385,33-90): warning X3571: pow(f, e) will not work for negative f, use abs(f) or conditionally handle negative values if you expect them
C:\fakepath(174,1-6): warning X4000: use of potentially uninitialized variable (dyn_index_vec4_float4)
C:\fakepath(289,25-29): error X4576: Input array signature parameter  cannot be indexed dynamically.

WARN: compileToBinary(259): 
C:\fakepath(337,18-133): warning X3571: pow(f, e) will not work for negative f, use abs(f) or conditionally handle negative values if you expect them
C:\fakepath(343,62-116): warning X3571: pow(f, e) will not work for negative f, use abs(f) or conditionally handle negative values if you expect them
C:\fakepath(366,75-84): warning X3556: integer divides may be much slower, try using uints if possible.
C:\fakepath(369,50-59): warning X3556: integer modulus may be much slower, try using uints if possible.
C:\fakepath(385,33-90): warning X3571: pow(f, e) will not work for negative f, use abs(f) or conditionally handle negative values if you expect them
C:\fakepath(174,1-6): warning X4000: use of potentially uninitialized variable (dyn_index_vec4_float4)
C:\fakepath(289,25-29): error X4576: Input array signature parameter  cannot be indexed dynamically.

WARN: compileToBinary(259): 
C:\fakepath(366,75-84): warning X3556: integer divides may be much slower, try using uints if possible.
C:\fakepath(369,50-59): warning X3556: integer modulus may be much slower, try using uints if possible.
C:\fakepath(174,1-6): warning X4000: use of potentially uninitialized variable (dyn_index_vec4_float4)
C:\fakepath(225,1): warning X4000: use of potentially uninitialized variable (f_distance_aa)
C:\fakepath(262,1): warning X4000: use of potentially uninitialized variable (f_do_clip)

[Child 14204, Chrome_ChildThread] WARNING: pipe error: 109: file z:/task_1569974145/build/src/ipc/chromium/src/chrome/common/ipc_channel_win.cc, line 341
[Child 14204, Chrome_ChildThread] WARNING:1570217950340	Marionette	INFO	Listening on port 50387
1570217950376	Marionette	WARN	TLS certificate errors will be ignored for this session
[Parent 13872, Gecko_IOThread] WARNING: pipe error: 109: file z:/task_1569974145/build/src/ipc/chromium/src/chrome/common/ipc_channel_win.cc, line 341
[Parent 13872, Gecko_IOThread] WARNING: pipe error: 109: file z:/task_1569974145/build/src/ipc/chromium/src/chrome/common/ipc_channel_win.cc, line 341
[Child 14248, Chrome_ChildThread] WARNING: pipe error: 109: file z:/task_1569974145/build/src/ipc/chromium/src/chrome/common/ipc_channel_win.cc, line 341
[Child 1424[Child 11884, Chrome_ChildThread] WARNING: pipe error: 109: file z:/task_1569974145/build/src/ipc/chromium/src/chrome/common/ipc_channel_win.cc, line 341
[Child 11884, Chrome_C[Parent 13872, Gecko_IOThread] WARNING: pipe error: 109: file z:/task_1569974145/build/src/ipc/chromium/src/chrome/common/ipc_channel_win.cc, line 341
[Child 7320, Chrome_ChildThread] WARNING: pipe error: 109: file z:/task_1569974145/build/src/ipc/chromium/src/chrome/common/ipc_channel_win.cc, line 341
[Child 7320, Chr1570217976155	Marionette	INFO	Stopped listening on port 50387

###!!! [Child][RunMessage] Error: Channel closing: too late to send/recv, messages will be lost

[GPU 14048, Ch
###!!! [Child][MessageChannel::SendAndWait] Error: Channel error: cannot send/recv

1570218011616	mozrunner::runner	INFO	Running command: "C:\\Program Files\\Mozilla Firefox\\firefox.exe" "-marionette" "-foreground" "-no-remote" "-profile" "C:\\Users\\ThisPC\\AppData\\Local\\Temp\\rust_mozprofilezY13kn"
1570218012349	addons.webextension.screenshots@mozilla.org	WARN	Loading extension 'screenshots@mozilla.org': Reading manifest: Invalid extension permission: mozillaAddons
1570218012349	addons.webextension.screenshots@mozilla.org	WARN	Loading extension 'screenshots@mozilla.org': Reading manifest: Invalid extension permission: telemetry
1570218012349	addons.webextension.screenshots@mozilla.org	WARN	Loading extension 'screenshots@mozilla.org': Reading manifest: Invalid extension permission: resource://pdf.js/
1570218012349	addons.webextension.screenshots@mozilla.org	WARN	Loading extension 'screenshots@mozilla.org': Reading manifest: Invalid extension permission: about:reader*
JavaScript error: resource://gre/modules/XULStore.jsm, line 66: Error: Can't find profile directory.
WARN: compileToBinary(259): 
C:\fakepath(337,18-133): warning X3571: pow(f, e) will not work for negative f, use abs(f) or conditionally handle negative values if you expect them
C:\fakepath(343,62-116): warning X3571: pow(f, e) will not work for negative f, use abs(f) or conditionally handle negative values if you expect them
C:\fakepath(366,75-84): warning X3556: integer divides may be much slower, try using uints if possible.
C:\fakepath(369,50-59): warning X3556: integer modulus may be much slower, try using uints if possible.
C:\fakepath(385,33-90): warning X3571: pow(f, e) will not work for negative f, use abs(f) or conditionally handle negative values if you expect them
C:\fakepath(174,1-6): warning X4000: use of potentially uninitialized variable (dyn_index_vec4_float4)
C:\fakepath(289,25-29): error X4576: Input array signature parameter  cannot be indexed dynamically.

WARN: compileToBinary(259): 
C:\fakepath(337,18-133): warning X3571: pow(f, e) will not work for negative f, use abs(f) or conditionally handle negative values if you expect them
C:\fakepath(343,62-116): warning X3571: pow(f, e) will not work for negative f, use abs(f) or conditionally handle negative values if you expect them
C:\fakepath(366,75-84): warning X3556: integer divides may be much slower, try using uints if possible.
C:\fakepath(369,50-59): warning X3556: integer modulus may be much slower, try using uints if possible.
C:\fakepath(385,33-90): warning X3571: pow(f, e) will not work for negative f, use abs(f) or conditionally handle negative values if you expect them
C:\fakepath(174,1-6): warning X4000: use of potentially uninitialized variable (dyn_index_vec4_float4)
C:\fakepath(289,25-29): error X4576: Input array signature parameter  cannot be indexed dynamically.

WARN: compileToBinary(259): 
C:\fakepath(366,75-84): warning X3556: integer divides may be much slower, try using uints if possible.
C:\fakepath(369,50-59): warning X3556: integer modulus may be much slower, try using uints if possible.
C:\fakepath(174,1-6): warning X4000: use of potentially uninitialized variable (dyn_index_vec4_float4)
C:\fakepath(225,1): warning X4000: use of potentially uninitialized variable (f_distance_aa)
C:\fakepath(262,1): warning X4000: use of potentially uninitialized variable (f_do_clip)

[Child 7364, Chrome_ChildThread] WARNING: pipe error: 109: file z:/task_1569974145/build/src/ipc/chromium/src/chrome/common/ipc_channel_win.cc, line 341
[Child 7364, 1570218016052	Marionette	INFO	Listening on port 50484
1570218016371	Marionette	WARN	TLS certificate errors will be ignored for this session
[Parent 13332, Gecko_IOThread] WARNING: pipe error: 109: file z:/task_1569974145/build/src/ipc/chromium/src/chrome/common/ipc_channel_win.cc, line 341
[Parent 13332, Gecko_IOThread] WARNING: pipe error: 109: file z:/task_1569974145/build/src/ipc/chromium/src/chrome/common/ipc_channel_win.cc, line 341
[Child 14064, Chrome_ChildThread] WARNING: pipe error: 109: file z:/task_1569974145/build/src/ipc/chromium/src/chrome/common/ipc_channel_win.cc, line 341
[Child 14064, Chrome_ChildThread] WARNING: pipe error: 109: file z:/task_15[Child 14020, Chrome_ChildThread] WARNING: pipe error: 109: file z:/task_1569974145/build/src/ipc/chromium/src/chrome/common/ipc_channel_win.cc, line 341
[Child[Parent 13332, Gecko_IOThread] WARNING: pipe error: 109: file z:/task_1569974145/build/src/ipc/chromium/src/chrome/common/ipc_channel_win.cc, line 341
[Child 12024, Chrome_ChildThread] WARNING: pipe error: 109: file z:/task_1569974145/build/src/ipc/chromium/src/chrome/common/ipc_channel_win.cc, line 341
[Child 12024, Chrome_ChildThread] WARNING: pipe error: 109: file z:/task1570218065455	Marionette	INFO	Stopped listening on port 50484
[GPU 6076, Chrome
###!!! [Child][MessageChannel::SendAndWait] Error: Channel error: cannot send/recv

1570218069340	mozrunner::runner	INFO	Running command: "C:\\Program Files\\Mozilla Firefox\\firefox.exe" "-marionette" "-foreground" "-no-remote" "-profile" "C:\\Users\\ThisPC\\AppData\\Local\\Temp\\rust_mozprofileGAL1OE"
1570218070059	addons.webextension.screenshots@mozilla.org	WARN	Loading extension 'screenshots@mozilla.org': Reading manifest: Invalid extension permission: mozillaAddons
1570218070059	addons.webextension.screenshots@mozilla.org	WARN	Loading extension 'screenshots@mozilla.org': Reading manifest: Invalid extension permission: telemetry
1570218070059	addons.webextension.screenshots@mozilla.org	WARN	Loading extension 'screenshots@mozilla.org': Reading manifest: Invalid extension permission: resource://pdf.js/
1570218070059	addons.webextension.screenshots@mozilla.org	WARN	Loading extension 'screenshots@mozilla.org': Reading manifest: Invalid extension permission: about:reader*
JavaScript error: resource://gre/modules/XULStore.jsm, line 66: Error: Can't find profile directory.
WARN: compileToBinary(259): 
C:\fakepath(337,18-133): warning X3571: pow(f, e) will not work for negative f, use abs(f) or conditionally handle negative values if you expect them
C:\fakepath(343,62-116): warning X3571: pow(f, e) will not work for negative f, use abs(f) or conditionally handle negative values if you expect them
C:\fakepath(366,75-84): warning X3556: integer divides may be much slower, try using uints if possible.
C:\fakepath(369,50-59): warning X3556: integer modulus may be much slower, try using uints if possible.
C:\fakepath(385,33-90): warning X3571: pow(f, e) will not work for negative f, use abs(f) or conditionally handle negative values if you expect them
C:\fakepath(174,1-6): warning X4000: use of potentially uninitialized variable (dyn_index_vec4_float4)
C:\fakepath(289,25-29): error X4576: Input array signature parameter  cannot be indexed dynamically.

WARN: compileToBinary(259): 
C:\fakepath(337,18-133): warning X3571: pow(f, e) will not work for negative f, use abs(f) or conditionally handle negative values if you expect them
C:\fakepath(343,62-116): warning X3571: pow(f, e) will not work for negative f, use abs(f) or conditionally handle negative values if you expect them
C:\fakepath(366,75-84): warning X3556: integer divides may be much slower, try using uints if possible.
C:\fakepath(369,50-59): warning X3556: integer modulus may be much slower, try using uints if possible.
C:\fakepath(385,33-90): warning X3571: pow(f, e) will not work for negative f, use abs(f) or conditionally handle negative values if you expect them
C:\fakepath(174,1-6): warning X4000: use of potentially uninitialized variable (dyn_index_vec4_float4)
C:\fakepath(289,25-29): error X4576: Input array signature parameter  cannot be indexed dynamically.

WARN: compileToBinary(259): 
C:\fakepath(366,75-84): warning X3556: integer divides may be much slower, try using uints if possible.
C:\fakepath(369,50-59): warning X3556: integer modulus may be much slower, try using uints if possible.
C:\fakepath(174,1-6): warning X4000: use of potentially uninitialized variable (dyn_index_vec4_float4)
C:\fakepath(225,1): warning X4000: use of potentially uninitialized variable (f_distance_aa)
C:\fakepath(262,1): warning X4000: use of potentially uninitialized variable (f_do_clip)

[Child 12904, Chrome_ChildThread] WARNING: pipe error: 109: file z:/task_1569974145/build/src/ipc/chromium/src/chrome/common/ipc_channel_win.cc, line 341
[Child 12904, Ch1570218073698	Marionette	INFO	Listening on port 50556
1570218074091	Marionette	WARN	TLS certificate errors will be ignored for this session
[Parent 12932, Gecko_IOThread] WARNING: pipe error: 109: file z:/task_1569974145/build/src/ipc/chromium/src/chrome/common/ipc_channel_win.cc, line 341
[Parent 12932, Gecko_IOThread] WARNING: pipe error: 109: file z:/task_1569974145/build/src/ipc/chromium/src/chrome/common/ipc_channel_win.cc, line 341
[Child 13692, Chrome_ChildThread] WARNING: pipe error: 109: file z:/task_1569974145/build/src/ipc/chromium/src/chrome/common/ipc_channel_win.cc, line 341
[Child 13692, Chrome_Ch[Child 5876, Chrome_ChildThread] WARNING: pipe error: 232: file z:/task_1569974145/build/src/ipc/chromium/src/chrome/common/ipc_channel_win.cc, line 502
[Child 5876, Chrome_ChildThread] WARNING: pipe error: 109: file z:/task_1569974145/build/src/ipc/chromium/src/chrome/common/ipc_channel_win.cc, line 341
[Child 5876, Chrome_ChildThread] WARNING: pipe error: 232: file z:/task_1569974145/build/src/ipc/chromium/src/chrome/common/ipc_channel_win.cc, line 502
[Child 5876, Chrome
###!!! [Child][MessageChannel] Error: (msgtype=0x54000E,name=PHttpChannel::Msg_DeletingChannel) Channel closing: too late to send/recv, messages will be lost

_Chi
###!!! [Child][MessageChannel] Error: (msgtype=0x54000E,name=PHttpChannel::Msg_DeletingChannel) Channel closing: too late to send/recv, messages will be lost

ldThread] WARNING: pipe error: 109: file z:/task_1569974145/build/src/ipc/chromium/src/chrome/common/ipc_channel_win.cc, line 341
[Parent 12932, Gecko_IOThread] WARNING: pipe error: 109: file z:/task_1569974145/build/src/ipc/chromium/src/chrome/common/ipc_channel_win.cc, line 341
[Child 13452, Chrome_ChildThread] WARNING: pipe error: 109: file z:/task_1569974145/build/src/ipc/chromium/src/chrome/common/ipc_channel_win.cc, line 341
[Child 134521570218178302	Marionette	INFO	Stopped listening on port 50556

###!!! [Child][RunMessage] Error: Channel closing: too late to send/recv, messages will be lost

[GPU 12116,
###!!! [Child][MessageChannel::SendAndWait] Error: Channel error: cannot send/recv

1570218183613	mozrunner::runner	INFO	Running command: "C:\\Program Files\\Mozilla Firefox\\firefox.exe" "-marionette" "-foreground" "-no-remote" "-profile" "C:\\Users\\ThisPC\\AppData\\Local\\Temp\\rust_mozprofile84jYY0"
1570218184366	addons.webextension.screenshots@mozilla.org	WARN	Loading extension 'screenshots@mozilla.org': Reading manifest: Invalid extension permission: mozillaAddons
1570218184366	addons.webextension.screenshots@mozilla.org	WARN	Loading extension 'screenshots@mozilla.org': Reading manifest: Invalid extension permission: telemetry
1570218184367	addons.webextension.screenshots@mozilla.org	WARN	Loading extension 'screenshots@mozilla.org': Reading manifest: Invalid extension permission: resource://pdf.js/
1570218184367	addons.webextension.screenshots@mozilla.org	WARN	Loading extension 'screenshots@mozilla.org': Reading manifest: Invalid extension permission: about:reader*
JavaScript error: resource://gre/modules/XULStore.jsm, line 66: Error: Can't find profile directory.
WARN: compileToBinary(259): 
C:\fakepath(337,18-133): warning X3571: pow(f, e) will not work for negative f, use abs(f) or conditionally handle negative values if you expect them
C:\fakepath(343,62-116): warning X3571: pow(f, e) will not work for negative f, use abs(f) or conditionally handle negative values if you expect them
C:\fakepath(366,75-84): warning X3556: integer divides may be much slower, try using uints if possible.
C:\fakepath(369,50-59): warning X3556: integer modulus may be much slower, try using uints if possible.
C:\fakepath(385,33-90): warning X3571: pow(f, e) will not work for negative f, use abs(f) or conditionally handle negative values if you expect them
C:\fakepath(174,1-6): warning X4000: use of potentially uninitialized variable (dyn_index_vec4_float4)
C:\fakepath(289,25-29): error X4576: Input array signature parameter  cannot be indexed dynamically.

WARN: compileToBinary(259): 
C:\fakepath(337,18-133): warning X3571: pow(f, e) will not work for negative f, use abs(f) or conditionally handle negative values if you expect them
C:\fakepath(343,62-116): warning X3571: pow(f, e) will not work for negative f, use abs(f) or conditionally handle negative values if you expect them
C:\fakepath(366,75-84): warning X3556: integer divides may be much slower, try using uints if possible.
C:\fakepath(369,50-59): warning X3556: integer modulus may be much slower, try using uints if possible.
C:\fakepath(385,33-90): warning X3571: pow(f, e) will not work for negative f, use abs(f) or conditionally handle negative values if you expect them
C:\fakepath(174,1-6): warning X4000: use of potentially uninitialized variable (dyn_index_vec4_float4)
C:\fakepath(289,25-29): error X4576: Input array signature parameter  cannot be indexed dynamically.

WARN: compileToBinary(259): 
C:\fakepath(366,75-84): warning X3556: integer divides may be much slower, try using uints if possible.
C:\fakepath(369,50-59): warning X3556: integer modulus may be much slower, try using uints if possible.
C:\fakepath(174,1-6): warning X4000: use of potentially uninitialized variable (dyn_index_vec4_float4)
C:\fakepath(225,1): warning X4000: use of potentially uninitialized variable (f_distance_aa)
C:\fakepath(262,1): warning X4000: use of potentially uninitialized variable (f_do_clip)

[Parent 7348, Gecko_IOThread] WARNING: pipe error: 109: file z:/task_1569974145/build/src/ipc/chromium/src/chrome/common/ipc_channel_win.cc, line 341
[Child 11660, Chrome_ChildThread] WARNING: pipe error: 109: file z:/task_1569974145/build/src/ipc/chromium/src/chrome/common/ipc_channel_win.cc, line 341
[Child 11660, Chrome1570218187828	Marionette	INFO	Listening on port 50626
1570218187863	Marionette	WARN	TLS certificate errors will be ignored for this session
JavaScript warning: https://static.xx.fbcdn.net/rsrc.php/v3iHSK4/yc/l/en_US/pmH1KITNTZA.js?_nc_x=VJHraeCMFP9, line 668: unreachable code after return statement
[Parent 7348, Gecko_IOThread] WARNING: pipe error: 109: file z:/task_1569974145/build/src/ipc/chromium/src/chrome/common/ipc_channel_win.cc, line 341
[Child 13660, Chrome_ChildThread] WARNING: pipe error: 109: file z:/ta1570218251832	addons.webextension.screenshots@mozilla.org	WARN	Loading extension 'screenshots@mozilla.org': Reading manifest: Invalid extension permission: mozillaAddons
1570218251832	addons.webextension.screenshots@mozilla.org	WARN	Loading extension 'screenshots@mozilla.org': Reading manifest: Invalid extension permission: telemetry
1570218251832	addons.webextension.screenshots@mozilla.org	WARN	Loading extension 'screenshots@mozilla.org': Reading manifest: Invalid extension permission: resource://pdf.js/
1570218251832	addons.webextension.screensh[Parent 7348, Gecko_IOThread] WARNING: pipe error: 109: file z:/task_1569974145/build/src/ipc/chromium/src/chrome/common/ipc_chanJavaScript error: resource://gre/modules/XULStore.jsm, line 66: Error: Can't find profile directory.
WARN: compileToBinary(259): 
C:\fakepath(337,18-133): warning X3571: pow(f, e) will not work for negative f, use abs(f) or conditionally handle negative values if you expect them
C:\fakepath(343,62-116): warning X3571: pow(f, e) will not work for negative f, use abs(f) or conditionally handle negative values if you expect them
C:\fakepath(366,75-84): warning X3556: integer divides may be much slower, try using uints if possible.
C:\fakepath(369,50-59): warning X3556: integer modulus may be much slower, try using uints if possible.
C:\fakepath(385,33-90): warning X3571: pow(f, e) will not work for negative f, use abs(f) or conditionally handle negative values if you expect them
C:\fakepath(174,1-6): warning X4000: use of potentially uninitialized variable (dyn_index_vec4_float4)
C:\fakepath(289,25-29): error X4576: Input array signature parameter  cannot be indexed dynamically.

WARN: compileToBinary(259): 
C:\fakepath(337,18-133): warning X3571: pow(f, e) will not work for negative f, use abs(f) or conditionally handle negative values if you expect them
C:\fakepath(343,62-116): warning X3571: pow(f, e) will not work for negative f, use abs(f) or conditionally handle negative values if you expect them
C:\fakepath(366,75-84): warning X3556: integer divides may be much slower, try using uints if possible.
C:\fakepath(369,50-59): warning X3556: integer modulus may be much slower, try using uints if possible.
C:\fakepath(385,33-90): warning X3571: pow(f, e) will not work for negative f, use abs(f) or conditionally handle negative values if you expect them
C:\fakepath(174,1-6): warning X4000: use of potentially uninitialized variable (dyn_index_vec4_float4)
C:\fakepath(289,25-29): error X4576: Input array signature parameter  cannot be indexed dynamically.

WARN: compileToBinary(259): 
C:\fakepath(366,75-84): warning X3556: integer divides may be much slower, try using uints if possible.
C:\fakepath(369,50-59): warning X3556: integer modulus may be much slower, try using uints if possible.
C:\fakepath(174,1-6): warning X4000: use of potentially uninitialized variable (dyn_index_vec4_float4)
C:\fakepath(225,1): warning X4000: use of potentially uninitialized variable (f_distance_aa)
C:\fakepath(262,1): warning X4000: use of potentially uninitialized variable (f_do_clip)

[Parent 13608, Gecko_IOThread] WARNING: pipe error: 109: file z:/task_1569974145/build/src/ipc/chromium/src/chrome/common/ipc_channel_win.cc, line 341
[Child 13432, Chrome_ChildThread] WARNING: pipe error: 109: file z:/task_1569974145/build/src/ipc/chromium/src/chrome/common/ipc_channel_win.cc, line 341
[Child 13432, Ch1570218256212	Marionette	INFO	Listening on port 50719
1570218256345	Marionette	WARN	TLS certificate errors will be ignored for this session
JavaScript warning: https://static.xx.fbcdn.net/rsrc.php/v3iHSK4/yc/l/en_US/pmH1KITNTZA.js?_nc_x=VJHraeCMFP9, line 668: unreachable code after return statement
[Parent 13608, Gecko_IOThread] WARNING: pipe error: 109: file z:/task_1569974145/build/src/ipc/chromium/src/chrome/common/ipc_channel_win.cc, line 341
[Parent 13608, Gecko_IOThread] WARNING: pipe error: 109: file z:/task_1569974145/build/src/ipc/chromium/src/chrome/common/ipc_channel_win.cc, line 341
[Child 13440, Chrome_ChildThread] WARNING: pipe error: 109: file z:/task_1569974145/build/src/ipc/chromium/src/chrome/common/ipc_channel_win.cc, line 341
[Child 13440, Chrome_ChildThread] WARNING: pipe error: 109: file z:/task_151570218332204	Marionette	INFO	Stopped listening on port 50719
[GPU 14116, Chrome
###!!! [Child][MessageChannel::SendAndWait] Error: Channel error: cannot send/recv

1570218423540	mozrunner::runner	INFO	Running command: "C:\\Program Files\\Mozilla Firefox\\firefox.exe" "-marionette" "-foreground" "-no-remote" "-profile" "C:\\Users\\ThisPC\\AppData\\Local\\Temp\\rust_mozprofile5YF0T4"
1570218424203	addons.webextension.screenshots@mozilla.org	WARN	Loading extension 'screenshots@mozilla.org': Reading manifest: Invalid extension permission: mozillaAddons
1570218424203	addons.webextension.screenshots@mozilla.org	WARN	Loading extension 'screenshots@mozilla.org': Reading manifest: Invalid extension permission: telemetry
1570218424203	addons.webextension.screenshots@mozilla.org	WARN	Loading extension 'screenshots@mozilla.org': Reading manifest: Invalid extension permission: resource://pdf.js/
1570218424204	addons.webextension.screenshots@mozilla.org	WARN	Loading extension 'screenshots@mozilla.org': Reading manifest: Invalid extension permission: about:reader*
JavaScript error: resource://gre/modules/XULStore.jsm, line 66: Error: Can't find profile directory.
WARN: compileToBinary(259): 
C:\fakepath(337,18-133): warning X3571: pow(f, e) will not work for negative f, use abs(f) or conditionally handle negative values if you expect them
C:\fakepath(343,62-116): warning X3571: pow(f, e) will not work for negative f, use abs(f) or conditionally handle negative values if you expect them
C:\fakepath(366,75-84): warning X3556: integer divides may be much slower, try using uints if possible.
C:\fakepath(369,50-59): warning X3556: integer modulus may be much slower, try using uints if possible.
C:\fakepath(385,33-90): warning X3571: pow(f, e) will not work for negative f, use abs(f) or conditionally handle negative values if you expect them
C:\fakepath(174,1-6): warning X4000: use of potentially uninitialized variable (dyn_index_vec4_float4)
C:\fakepath(289,25-29): error X4576: Input array signature parameter  cannot be indexed dynamically.

WARN: compileToBinary(259): 
C:\fakepath(337,18-133): warning X3571: pow(f, e) will not work for negative f, use abs(f) or conditionally handle negative values if you expect them
C:\fakepath(343,62-116): warning X3571: pow(f, e) will not work for negative f, use abs(f) or conditionally handle negative values if you expect them
C:\fakepath(366,75-84): warning X3556: integer divides may be much slower, try using uints if possible.
C:\fakepath(369,50-59): warning X3556: integer modulus may be much slower, try using uints if possible.
C:\fakepath(385,33-90): warning X3571: pow(f, e) will not work for negative f, use abs(f) or conditionally handle negative values if you expect them
C:\fakepath(174,1-6): warning X4000: use of potentially uninitialized variable (dyn_index_vec4_float4)
C:\fakepath(289,25-29): error X4576: Input array signature parameter  cannot be indexed dynamically.

WARN: compileToBinary(259): 
C:\fakepath(366,75-84): warning X3556: integer divides may be much slower, try using uints if possible.
C:\fakepath(369,50-59): warning X3556: integer modulus may be much slower, try using uints if possible.
C:\fakepath(174,1-6): warning X4000: use of potentially uninitialized variable (dyn_index_vec4_float4)
C:\fakepath(225,1): warning X4000: use of potentially uninitialized variable (f_distance_aa)
C:\fakepath(262,1): warning X4000: use of potentially uninitialized variable (f_do_clip)

[Child 11492, Chrome_ChildThread] WARNING: pipe error: 109: file z:/task_1569974145/build/src/ipc/chromium/src/chrome/common/ipc_channel_win.cc, line 341
[Child 11492,1570218427878	Marionette	INFO	Listening on port 50927
1570218428296	Marionette	WARN	TLS certificate errors will be ignored for this session
console.warn: LoginRecipes: "getRecipes: falling back to a synchronous message for:" "https://www.facebook.com"
console.warn: nsLoginManager: "searchLogins: `formActionOrigin` or `httpRealm` is recommended"
console.warn: LoginRecipes: "getRecipes: falling back to a synchronous message for:" "https://www.facebook.com"
console.warn: nsLoginManager: "searchLogins: `formActionOrigin` or `httpRealm` is recommended"
[Parent 11772, Gecko_IOThread] WARNING: pipe error: 109: file z:/task_1569974145/build/src/ipc/chromium/src/chrome/common/ipc_channel_win.cc, line 341
[Parent 11772, Gecko_IOThread] WARNING: pipe error: 109: file z:/task_1569974145/build/src/ipc/chromium/src/chrome/common/ipc_channel_win.cc, line 341
[Child 11328, Chrome_ChildThread] WARNING: pipe error: 109: file z:/task_1569974145/build/src/ipc/chromium/src/chrome/common/ipc_channel_win.cc, line 341
[Child 1132[Child 13700, Chrome_ChildThread] WARNING: pipe error: 109: file z:/task_1569974145/build/src/ipc/chromium/src/chrome/common/ipc_channel_win.cc, line 341
[Child 13700, Chrome_ChildT[Parent 11772, Gecko_IOThread] WARNING: pipe error: 109: file z:/task_1569974145/build/src/ipc/chromium/src/chrome/common/ipc_channel_win.cc, line 341
[Child 11688, Chrome_ChildThread] WARNING: pipe error: 109: file z:/task_1569974145/build/src/ipc/chromium/src/chrome/common/ipc_channel_win.cc, line 341
[Child 11688, Chr1570218476362	Marionette	INFO	Stopped listening on port 50927
[GPU 11484
###!!! [Child][MessageChannel::SendAndWait] Error: Channel error: cannot send/recv

1570218620129	mozrunner::runner	INFO	Running command: "C:\\Program Files\\Mozilla Firefox\\firefox.exe" "-marionette" "-foreground" "-no-remote" "-profile" "C:\\Users\\ThisPC\\AppData\\Local\\Temp\\rust_mozprofileqR1DK7"
1570218620840	addons.webextension.screenshots@mozilla.org	WARN	Loading extension 'screenshots@mozilla.org': Reading manifest: Invalid extension permission: mozillaAddons
1570218620840	addons.webextension.screenshots@mozilla.org	WARN	Loading extension 'screenshots@mozilla.org': Reading manifest: Invalid extension permission: telemetry
1570218620841	addons.webextension.screenshots@mozilla.org	WARN	Loading extension 'screenshots@mozilla.org': Reading manifest: Invalid extension permission: resource://pdf.js/
1570218620841	addons.webextension.screenshots@mozilla.org	WARN	Loading extension 'screenshots@mozilla.org': Reading manifest: Invalid extension permission: about:reader*
JavaScript error: resource://gre/modules/XULStore.jsm, line 66: Error: Can't find profile directory.
WARN: compileToBinary(259): 
C:\fakepath(337,18-133): warning X3571: pow(f, e) will not work for negative f, use abs(f) or conditionally handle negative values if you expect them
C:\fakepath(343,62-116): warning X3571: pow(f, e) will not work for negative f, use abs(f) or conditionally handle negative values if you expect them
C:\fakepath(366,75-84): warning X3556: integer divides may be much slower, try using uints if possible.
C:\fakepath(369,50-59): warning X3556: integer modulus may be much slower, try using uints if possible.
C:\fakepath(385,33-90): warning X3571: pow(f, e) will not work for negative f, use abs(f) or conditionally handle negative values if you expect them
C:\fakepath(174,1-6): warning X4000: use of potentially uninitialized variable (dyn_index_vec4_float4)
C:\fakepath(289,25-29): error X4576: Input array signature parameter  cannot be indexed dynamically.

WARN: compileToBinary(259): 
C:\fakepath(337,18-133): warning X3571: pow(f, e) will not work for negative f, use abs(f) or conditionally handle negative values if you expect them
C:\fakepath(343,62-116): warning X3571: pow(f, e) will not work for negative f, use abs(f) or conditionally handle negative values if you expect them
C:\fakepath(366,75-84): warning X3556: integer divides may be much slower, try using uints if possible.
C:\fakepath(369,50-59): warning X3556: integer modulus may be much slower, try using uints if possible.
C:\fakepath(385,33-90): warning X3571: pow(f, e) will not work for negative f, use abs(f) or conditionally handle negative values if you expect them
C:\fakepath(174,1-6): warning X4000: use of potentially uninitialized variable (dyn_index_vec4_float4)
C:\fakepath(289,25-29): error X4576: Input array signature parameter  cannot be indexed dynamically.

WARN: compileToBinary(259): 
C:\fakepath(366,75-84): warning X3556: integer divides may be much slower, try using uints if possible.
C:\fakepath(369,50-59): warning X3556: integer modulus may be much slower, try using uints if possible.
C:\fakepath(174,1-6): warning X4000: use of potentially uninitialized variable (dyn_index_vec4_float4)
C:\fakepath(225,1): warning X4000: use of potentially uninitialized variable (f_distance_aa)
C:\fakepath(262,1): warning X4000: use of potentially uninitialized variable (f_do_clip)

[Child 13668, Chrome_ChildThread] WARNING: pipe error: 109: file z:/task_1569974145/build/src/ipc/chromium/src/chrome/common/ipc_channel_win.cc, line 341
[Child 13668, 1570218624796	Marionette	INFO	Listening on port 51193
1570218624885	Marionette	WARN	TLS certificate errors will be ignored for this session
JavaScript warning: https://static.xx.fbcdn.net/rsrc.php/v3iHSK4/yc/l/en_US/pmH1KITNTZA.js?_nc_x=VJHraeCMFP9, line 668: unreachable code after return statement
[Parent 844, Gecko_IOThread] WARNING: pipe error: 109: file z:/task_1569974145/build/src/ipc/chromium/src/chrome/common/ipc_channel_win.cc, line 341
[Parent 844, Gecko_IOThread] WARNING: pipe error: 109: file z:/task_1569974145/build/src/ipc/chromium/src/chrome/common/ipc_channel_win.cc, line 341
[Child 12768, Chrome_ChildThread] WARNING: pipe error: 109: file z:/task_1569974145/build/src/ipc/chromium/src/chrome/common/ipc_channel_win.cc, line 341
[Child 12768, Chrome_ChildThread] WARNING: pipe error: 109: file z:/task_1569974145/build/src/ipc/chromium/src/chrom[Parent 844, Gecko_IOThread] WARNING: pipe error: 109: file z:/task_1569974145/build/src/ipc/chromium/src/chrome/common/ipc_channel_win.cc, line 341
[Parent 844, Gecko_IOThread] WARNING: pipe error: 109: file z:/task_1569974145/build/src/ipc/chromium/src/chrome/common/ipc_channel_win.cc, line 341
[Child 12644, Chrome_ChildThread] WARNING: pipe error: 109: file z:/task_1569974145/build/src/ipc/chromium/src/chrome/common/ipc_channel_win.cc, line 341
[Child 12644, Chrome_ChildThread] WARNING: 1570218696505	Marionette	INFO	Stopped listening on port 51193
[GPU
###!!! [Child][RunMessage] Error: Channel closing: too late to send/recv, messages will be lost

 7476
###!!! [Child][MessageChannel::SendAndWait] Error: Channel error: cannot send/recv

